\BOOKMARK [1][-]{section.1}{Introduction}{}% 1
\BOOKMARK [2][-]{subsection.1.1}{Definitions and Terminology}{section.1}% 2
\BOOKMARK [1][-]{section.2}{Background and Motivation}{}% 3
\BOOKMARK [2][-]{subsection.2.1}{Motivation}{section.2}% 4
\BOOKMARK [2][-]{subsection.2.2}{Goals}{section.2}% 5
\BOOKMARK [2][-]{subsection.2.3}{Scope}{section.2}% 6
\BOOKMARK [2][-]{subsection.2.4}{Initial Algorithm Design and Computational Concerns}{section.2}% 7
\BOOKMARK [1][-]{section.3}{Algorithms and Data Structures}{}% 8
\BOOKMARK [2][-]{subsection.3.1}{Algorithm}{section.3}% 9
\BOOKMARK [2][-]{subsection.3.2}{Data Structures}{section.3}% 10
\BOOKMARK [2][-]{subsection.3.3}{Heuristics}{section.3}% 11
\BOOKMARK [1][-]{section.4}{Analysis}{}% 12
\BOOKMARK [2][-]{subsection.4.1}{Results}{section.4}% 13
\BOOKMARK [2][-]{subsection.4.2}{Evaluation}{section.4}% 14
\BOOKMARK [2][-]{subsection.4.3}{Critique and Concerns}{section.4}% 15
\BOOKMARK [1][-]{section.5}{Conclusion}{}% 16
\BOOKMARK [1][-]{section.6}{Appendix 1: Examples and Demonstrations}{}% 17
\BOOKMARK [1][-]{section.7}{Appendix 2: Documentation}{}% 18
\BOOKMARK [2][-]{subsection.7.1}{Prerequisites}{section.7}% 19
\BOOKMARK [2][-]{subsection.7.2}{Usage}{section.7}% 20
\BOOKMARK [1][-]{section.8}{Source Code}{}% 21
\BOOKMARK [1][-]{section.9}{References}{}% 22
